[ 2015-03-13 13:57:01 ] 127.0.0.1 /hndw/
INFO: [ app_begin ] --START--
INFO: ReadHtmlCache Behavior ::run [ RunTime:0.040157s ]
INFO: [ app_begin ] --END-- [ RunTime:0.040745s ]
INFO: [ view_parse ] --START--
NOTIC: [8] Undefined variable: pro D:\AppServ\www\hndw\home\Runtime\Cache\d046431aa157c89f3a1c30c426be003b.php 第 121 行.
NOTIC: [8] Undefined variable: pro D:\AppServ\www\hndw\home\Runtime\Cache\d046431aa157c89f3a1c30c426be003b.php 第 122 行.
NOTIC: [8] Undefined variable: pro D:\AppServ\www\hndw\home\Runtime\Cache\d046431aa157c89f3a1c30c426be003b.php 第 123 行.
NOTIC: [8] Undefined variable: pro D:\AppServ\www\hndw\home\Runtime\Cache\d046431aa157c89f3a1c30c426be003b.php 第 124 行.
NOTIC: [8] Undefined variable: pro D:\AppServ\www\hndw\home\Runtime\Cache\d046431aa157c89f3a1c30c426be003b.php 第 125 行.
NOTIC: [8] Undefined variable: pro D:\AppServ\www\hndw\home\Runtime\Cache\d046431aa157c89f3a1c30c426be003b.php 第 126 行.
NOTIC: [8] Undefined variable: pro D:\AppServ\www\hndw\home\Runtime\Cache\d046431aa157c89f3a1c30c426be003b.php 第 127 行.
NOTIC: [8] Undefined variable: pro D:\AppServ\www\hndw\home\Runtime\Cache\d046431aa157c89f3a1c30c426be003b.php 第 128 行.
NOTIC: [8] Undefined variable: pro D:\AppServ\www\hndw\home\Runtime\Cache\d046431aa157c89f3a1c30c426be003b.php 第 129 行.
INFO: ParseTemplate Behavior ::run [ RunTime:0.250475s ]
INFO: [ view_parse ] --END-- [ RunTime:0.250594s ]
INFO: [ view_filter ] --START--
INFO: ContentReplace Behavior ::run [ RunTime:0.009549s ]
INFO: TokenBuild Behavior ::run [ RunTime:0.010689s ]
INFO: WriteHtmlCache Behavior ::run [ RunTime:0.012712s ]
INFO: ShowRuntime Behavior ::run [ RunTime:0.007889s ]
INFO: [ view_filter ] --END-- [ RunTime:0.041128s ]
INFO: [ view_end ] --START--
INFO: ShowPageTrace Behavior ::run [ RunTime:0.008727s ]
INFO: [ view_end ] --END-- [ RunTime:0.008822s ]

[ 2015-03-13 14:00:58 ] 127.0.0.1 /hndw/
INFO: [ app_begin ] --START--
INFO: ReadHtmlCache Behavior ::run [ RunTime:0.001065s ]
INFO: [ app_begin ] --END-- [ RunTime:0.001178s ]
INFO: [ view_parse ] --START--
NOTIC: [8] Undefined variable: pro D:\AppServ\www\hndw\home\Runtime\Cache\d046431aa157c89f3a1c30c426be003b.php 第 121 行.
NOTIC: [8] Undefined variable: pro D:\AppServ\www\hndw\home\Runtime\Cache\d046431aa157c89f3a1c30c426be003b.php 第 122 行.
NOTIC: [8] Undefined variable: pro D:\AppServ\www\hndw\home\Runtime\Cache\d046431aa157c89f3a1c30c426be003b.php 第 123 行.
NOTIC: [8] Undefined variable: pro D:\AppServ\www\hndw\home\Runtime\Cache\d046431aa157c89f3a1c30c426be003b.php 第 124 行.
NOTIC: [8] Undefined variable: pro D:\AppServ\www\hndw\home\Runtime\Cache\d046431aa157c89f3a1c30c426be003b.php 第 125 行.
NOTIC: [8] Undefined variable: pro D:\AppServ\www\hndw\home\Runtime\Cache\d046431aa157c89f3a1c30c426be003b.php 第 126 行.
NOTIC: [8] Undefined variable: pro D:\AppServ\www\hndw\home\Runtime\Cache\d046431aa157c89f3a1c30c426be003b.php 第 127 行.
NOTIC: [8] Undefined variable: pro D:\AppServ\www\hndw\home\Runtime\Cache\d046431aa157c89f3a1c30c426be003b.php 第 128 行.
NOTIC: [8] Undefined variable: pro D:\AppServ\www\hndw\home\Runtime\Cache\d046431aa157c89f3a1c30c426be003b.php 第 129 行.
INFO: ParseTemplate Behavior ::run [ RunTime:0.029134s ]
INFO: [ view_parse ] --END-- [ RunTime:0.029236s ]
INFO: [ view_filter ] --START--
INFO: ContentReplace Behavior ::run [ RunTime:0.001140s ]
INFO: TokenBuild Behavior ::run [ RunTime:0.000730s ]
INFO: WriteHtmlCache Behavior ::run [ RunTime:0.000531s ]
INFO: ShowRuntime Behavior ::run [ RunTime:0.000708s ]
INFO: [ view_filter ] --END-- [ RunTime:0.003294s ]
INFO: [ view_end ] --START--
INFO: ShowPageTrace Behavior ::run [ RunTime:0.035252s ]
INFO: [ view_end ] --END-- [ RunTime:0.035380s ]

[ 2015-03-13 14:00:59 ] 127.0.0.1 /hndw/
INFO: [ app_begin ] --START--
INFO: ReadHtmlCache Behavior ::run [ RunTime:0.000619s ]
INFO: [ app_begin ] --END-- [ RunTime:0.000728s ]
INFO: [ view_parse ] --START--
NOTIC: [8] Undefined variable: pro D:\AppServ\www\hndw\home\Runtime\Cache\d046431aa157c89f3a1c30c426be003b.php 第 121 行.
NOTIC: [8] Undefined variable: pro D:\AppServ\www\hndw\home\Runtime\Cache\d046431aa157c89f3a1c30c426be003b.php 第 122 行.
NOTIC: [8] Undefined variable: pro D:\AppServ\www\hndw\home\Runtime\Cache\d046431aa157c89f3a1c30c426be003b.php 第 123 行.
NOTIC: [8] Undefined variable: pro D:\AppServ\www\hndw\home\Runtime\Cache\d046431aa157c89f3a1c30c426be003b.php 第 124 行.
NOTIC: [8] Undefined variable: pro D:\AppServ\www\hndw\home\Runtime\Cache\d046431aa157c89f3a1c30c426be003b.php 第 125 行.
NOTIC: [8] Undefined variable: pro D:\AppServ\www\hndw\home\Runtime\Cache\d046431aa157c89f3a1c30c426be003b.php 第 126 行.
NOTIC: [8] Undefined variable: pro D:\AppServ\www\hndw\home\Runtime\Cache\d046431aa157c89f3a1c30c426be003b.php 第 127 行.
NOTIC: [8] Undefined variable: pro D:\AppServ\www\hndw\home\Runtime\Cache\d046431aa157c89f3a1c30c426be003b.php 第 128 行.
NOTIC: [8] Undefined variable: pro D:\AppServ\www\hndw\home\Runtime\Cache\d046431aa157c89f3a1c30c426be003b.php 第 129 行.
INFO: ParseTemplate Behavior ::run [ RunTime:0.020178s ]
INFO: [ view_parse ] --END-- [ RunTime:0.020267s ]
INFO: [ view_filter ] --START--
INFO: ContentReplace Behavior ::run [ RunTime:0.000341s ]
INFO: TokenBuild Behavior ::run [ RunTime:0.000278s ]
INFO: WriteHtmlCache Behavior ::run [ RunTime:0.000176s ]
INFO: ShowRuntime Behavior ::run [ RunTime:0.000376s ]
INFO: [ view_filter ] --END-- [ RunTime:0.001324s ]
INFO: [ view_end ] --START--
INFO: ShowPageTrace Behavior ::run [ RunTime:0.000597s ]
INFO: [ view_end ] --END-- [ RunTime:0.000668s ]

[ 2015-03-13 14:01:07 ] 127.0.0.1 /hndw/
INFO: [ app_begin ] --START--
INFO: ReadHtmlCache Behavior ::run [ RunTime:0.000786s ]
INFO: [ app_begin ] --END-- [ RunTime:0.000872s ]
INFO: [ view_parse ] --START--
NOTIC: [8] Undefined variable: pro D:\AppServ\www\hndw\home\Runtime\Cache\d046431aa157c89f3a1c30c426be003b.php 第 121 行.
NOTIC: [8] Undefined variable: pro D:\AppServ\www\hndw\home\Runtime\Cache\d046431aa157c89f3a1c30c426be003b.php 第 122 行.
NOTIC: [8] Undefined variable: pro D:\AppServ\www\hndw\home\Runtime\Cache\d046431aa157c89f3a1c30c426be003b.php 第 123 行.
NOTIC: [8] Undefined variable: pro D:\AppServ\www\hndw\home\Runtime\Cache\d046431aa157c89f3a1c30c426be003b.php 第 124 行.
NOTIC: [8] Undefined variable: pro D:\AppServ\www\hndw\home\Runtime\Cache\d046431aa157c89f3a1c30c426be003b.php 第 125 行.
NOTIC: [8] Undefined variable: pro D:\AppServ\www\hndw\home\Runtime\Cache\d046431aa157c89f3a1c30c426be003b.php 第 126 行.
NOTIC: [8] Undefined variable: pro D:\AppServ\www\hndw\home\Runtime\Cache\d046431aa157c89f3a1c30c426be003b.php 第 127 行.
NOTIC: [8] Undefined variable: pro D:\AppServ\www\hndw\home\Runtime\Cache\d046431aa157c89f3a1c30c426be003b.php 第 128 行.
NOTIC: [8] Undefined variable: pro D:\AppServ\www\hndw\home\Runtime\Cache\d046431aa157c89f3a1c30c426be003b.php 第 129 行.
INFO: ParseTemplate Behavior ::run [ RunTime:0.022759s ]
INFO: [ view_parse ] --END-- [ RunTime:0.022842s ]
INFO: [ view_filter ] --START--
INFO: ContentReplace Behavior ::run [ RunTime:0.000651s ]
INFO: TokenBuild Behavior ::run [ RunTime:0.000651s ]
INFO: WriteHtmlCache Behavior ::run [ RunTime:0.000529s ]
INFO: ShowRuntime Behavior ::run [ RunTime:0.000667s ]
INFO: [ view_filter ] --END-- [ RunTime:0.002669s ]
INFO: [ view_end ] --START--
INFO: ShowPageTrace Behavior ::run [ RunTime:0.001039s ]
INFO: [ view_end ] --END-- [ RunTime:0.001121s ]

