[ 2015-03-10 15:23:37 ] 127.0.0.1 /hndw/
INFO: [ app_begin ] --START--
INFO: ReadHtmlCache Behavior ::run [ RunTime:0.014017s ]
INFO: [ app_begin ] --END-- [ RunTime:0.014157s ]
INFO: [ view_parse ] --START--
NOTIC: [8] Undefined variable: pro D:\AppServ\www\hndw\home\Runtime\Cache\d046431aa157c89f3a1c30c426be003b.php 第 121 行.
NOTIC: [8] Undefined variable: pro D:\AppServ\www\hndw\home\Runtime\Cache\d046431aa157c89f3a1c30c426be003b.php 第 122 行.
NOTIC: [8] Undefined variable: pro D:\AppServ\www\hndw\home\Runtime\Cache\d046431aa157c89f3a1c30c426be003b.php 第 123 行.
NOTIC: [8] Undefined variable: pro D:\AppServ\www\hndw\home\Runtime\Cache\d046431aa157c89f3a1c30c426be003b.php 第 124 行.
NOTIC: [8] Undefined variable: pro D:\AppServ\www\hndw\home\Runtime\Cache\d046431aa157c89f3a1c30c426be003b.php 第 125 行.
NOTIC: [8] Undefined variable: pro D:\AppServ\www\hndw\home\Runtime\Cache\d046431aa157c89f3a1c30c426be003b.php 第 126 行.
NOTIC: [8] Undefined variable: pro D:\AppServ\www\hndw\home\Runtime\Cache\d046431aa157c89f3a1c30c426be003b.php 第 127 行.
NOTIC: [8] Undefined variable: pro D:\AppServ\www\hndw\home\Runtime\Cache\d046431aa157c89f3a1c30c426be003b.php 第 128 行.
NOTIC: [8] Undefined variable: pro D:\AppServ\www\hndw\home\Runtime\Cache\d046431aa157c89f3a1c30c426be003b.php 第 129 行.
INFO: ParseTemplate Behavior ::run [ RunTime:0.192548s ]
INFO: [ view_parse ] --END-- [ RunTime:0.192722s ]
INFO: [ view_filter ] --START--
INFO: ContentReplace Behavior ::run [ RunTime:0.009436s ]
INFO: TokenBuild Behavior ::run [ RunTime:0.010548s ]
INFO: WriteHtmlCache Behavior ::run [ RunTime:0.012723s ]
INFO: ShowRuntime Behavior ::run [ RunTime:0.007871s ]
INFO: [ view_filter ] --END-- [ RunTime:0.040925s ]
INFO: [ view_end ] --START--
INFO: ShowPageTrace Behavior ::run [ RunTime:0.006535s ]
INFO: [ view_end ] --END-- [ RunTime:0.006625s ]

[ 2015-03-10 15:37:39 ] 127.0.0.1 /hndw/
INFO: [ app_begin ] --START--
INFO: ReadHtmlCache Behavior ::run [ RunTime:0.000747s ]
INFO: [ app_begin ] --END-- [ RunTime:0.000844s ]
INFO: [ view_parse ] --START--
NOTIC: [8] Undefined variable: pro D:\AppServ\www\hndw\home\Runtime\Cache\d046431aa157c89f3a1c30c426be003b.php 第 121 行.
NOTIC: [8] Undefined variable: pro D:\AppServ\www\hndw\home\Runtime\Cache\d046431aa157c89f3a1c30c426be003b.php 第 122 行.
NOTIC: [8] Undefined variable: pro D:\AppServ\www\hndw\home\Runtime\Cache\d046431aa157c89f3a1c30c426be003b.php 第 123 行.
NOTIC: [8] Undefined variable: pro D:\AppServ\www\hndw\home\Runtime\Cache\d046431aa157c89f3a1c30c426be003b.php 第 124 行.
NOTIC: [8] Undefined variable: pro D:\AppServ\www\hndw\home\Runtime\Cache\d046431aa157c89f3a1c30c426be003b.php 第 125 行.
NOTIC: [8] Undefined variable: pro D:\AppServ\www\hndw\home\Runtime\Cache\d046431aa157c89f3a1c30c426be003b.php 第 126 行.
NOTIC: [8] Undefined variable: pro D:\AppServ\www\hndw\home\Runtime\Cache\d046431aa157c89f3a1c30c426be003b.php 第 127 行.
NOTIC: [8] Undefined variable: pro D:\AppServ\www\hndw\home\Runtime\Cache\d046431aa157c89f3a1c30c426be003b.php 第 128 行.
NOTIC: [8] Undefined variable: pro D:\AppServ\www\hndw\home\Runtime\Cache\d046431aa157c89f3a1c30c426be003b.php 第 129 行.
INFO: ParseTemplate Behavior ::run [ RunTime:0.023778s ]
INFO: [ view_parse ] --END-- [ RunTime:0.023866s ]
INFO: [ view_filter ] --START--
INFO: ContentReplace Behavior ::run [ RunTime:0.000632s ]
INFO: TokenBuild Behavior ::run [ RunTime:0.000967s ]
INFO: WriteHtmlCache Behavior ::run [ RunTime:0.000496s ]
INFO: ShowRuntime Behavior ::run [ RunTime:0.000690s ]
INFO: [ view_filter ] --END-- [ RunTime:0.003110s ]
INFO: [ view_end ] --START--
INFO: ShowPageTrace Behavior ::run [ RunTime:0.000909s ]
INFO: [ view_end ] --END-- [ RunTime:0.000985s ]

[ 2015-03-10 15:38:17 ] 127.0.0.1 /hndw/
INFO: [ app_begin ] --START--
INFO: ReadHtmlCache Behavior ::run [ RunTime:0.000767s ]
INFO: [ app_begin ] --END-- [ RunTime:0.000855s ]
INFO: [ view_parse ] --START--
NOTIC: [8] Undefined variable: pro D:\AppServ\www\hndw\home\Runtime\Cache\d046431aa157c89f3a1c30c426be003b.php 第 121 行.
NOTIC: [8] Undefined variable: pro D:\AppServ\www\hndw\home\Runtime\Cache\d046431aa157c89f3a1c30c426be003b.php 第 122 行.
NOTIC: [8] Undefined variable: pro D:\AppServ\www\hndw\home\Runtime\Cache\d046431aa157c89f3a1c30c426be003b.php 第 123 行.
NOTIC: [8] Undefined variable: pro D:\AppServ\www\hndw\home\Runtime\Cache\d046431aa157c89f3a1c30c426be003b.php 第 124 行.
NOTIC: [8] Undefined variable: pro D:\AppServ\www\hndw\home\Runtime\Cache\d046431aa157c89f3a1c30c426be003b.php 第 125 行.
NOTIC: [8] Undefined variable: pro D:\AppServ\www\hndw\home\Runtime\Cache\d046431aa157c89f3a1c30c426be003b.php 第 126 行.
NOTIC: [8] Undefined variable: pro D:\AppServ\www\hndw\home\Runtime\Cache\d046431aa157c89f3a1c30c426be003b.php 第 127 行.
NOTIC: [8] Undefined variable: pro D:\AppServ\www\hndw\home\Runtime\Cache\d046431aa157c89f3a1c30c426be003b.php 第 128 行.
NOTIC: [8] Undefined variable: pro D:\AppServ\www\hndw\home\Runtime\Cache\d046431aa157c89f3a1c30c426be003b.php 第 129 行.
INFO: ParseTemplate Behavior ::run [ RunTime:0.019281s ]
INFO: [ view_parse ] --END-- [ RunTime:0.019373s ]
INFO: [ view_filter ] --START--
INFO: ContentReplace Behavior ::run [ RunTime:0.000945s ]
INFO: TokenBuild Behavior ::run [ RunTime:0.000625s ]
INFO: WriteHtmlCache Behavior ::run [ RunTime:0.000496s ]
INFO: ShowRuntime Behavior ::run [ RunTime:0.000723s ]
INFO: [ view_filter ] --END-- [ RunTime:0.002964s ]
INFO: [ view_end ] --START--
INFO: ShowPageTrace Behavior ::run [ RunTime:0.000883s ]
INFO: [ view_end ] --END-- [ RunTime:0.000963s ]

[ 2015-03-10 15:47:07 ] 127.0.0.1 /hndw/
INFO: [ app_begin ] --START--
INFO: ReadHtmlCache Behavior ::run [ RunTime:0.001051s ]
INFO: [ app_begin ] --END-- [ RunTime:0.001452s ]
INFO: [ view_parse ] --START--
NOTIC: [8] Undefined variable: pro D:\AppServ\www\hndw\home\Runtime\Cache\d046431aa157c89f3a1c30c426be003b.php 第 121 行.
NOTIC: [8] Undefined variable: pro D:\AppServ\www\hndw\home\Runtime\Cache\d046431aa157c89f3a1c30c426be003b.php 第 122 行.
NOTIC: [8] Undefined variable: pro D:\AppServ\www\hndw\home\Runtime\Cache\d046431aa157c89f3a1c30c426be003b.php 第 123 行.
NOTIC: [8] Undefined variable: pro D:\AppServ\www\hndw\home\Runtime\Cache\d046431aa157c89f3a1c30c426be003b.php 第 124 行.
NOTIC: [8] Undefined variable: pro D:\AppServ\www\hndw\home\Runtime\Cache\d046431aa157c89f3a1c30c426be003b.php 第 125 行.
NOTIC: [8] Undefined variable: pro D:\AppServ\www\hndw\home\Runtime\Cache\d046431aa157c89f3a1c30c426be003b.php 第 126 行.
NOTIC: [8] Undefined variable: pro D:\AppServ\www\hndw\home\Runtime\Cache\d046431aa157c89f3a1c30c426be003b.php 第 127 行.
NOTIC: [8] Undefined variable: pro D:\AppServ\www\hndw\home\Runtime\Cache\d046431aa157c89f3a1c30c426be003b.php 第 128 行.
NOTIC: [8] Undefined variable: pro D:\AppServ\www\hndw\home\Runtime\Cache\d046431aa157c89f3a1c30c426be003b.php 第 129 行.
INFO: ParseTemplate Behavior ::run [ RunTime:0.024631s ]
INFO: [ view_parse ] --END-- [ RunTime:0.024860s ]
INFO: [ view_filter ] --START--
INFO: ContentReplace Behavior ::run [ RunTime:0.000753s ]
INFO: TokenBuild Behavior ::run [ RunTime:0.000933s ]
INFO: WriteHtmlCache Behavior ::run [ RunTime:0.000709s ]
INFO: ShowRuntime Behavior ::run [ RunTime:0.000782s ]
INFO: [ view_filter ] --END-- [ RunTime:0.003473s ]
INFO: [ view_end ] --START--
INFO: ShowPageTrace Behavior ::run [ RunTime:0.001314s ]
INFO: [ view_end ] --END-- [ RunTime:0.001443s ]

[ 2015-03-10 15:47:36 ] 127.0.0.1 /hndw/
INFO: [ app_begin ] --START--
INFO: ReadHtmlCache Behavior ::run [ RunTime:0.001523s ]
INFO: [ app_begin ] --END-- [ RunTime:0.001655s ]
INFO: [ view_parse ] --START--
NOTIC: [8] Undefined variable: pro D:\AppServ\www\hndw\home\Runtime\Cache\d046431aa157c89f3a1c30c426be003b.php 第 121 行.
NOTIC: [8] Undefined variable: pro D:\AppServ\www\hndw\home\Runtime\Cache\d046431aa157c89f3a1c30c426be003b.php 第 122 行.
NOTIC: [8] Undefined variable: pro D:\AppServ\www\hndw\home\Runtime\Cache\d046431aa157c89f3a1c30c426be003b.php 第 123 行.
NOTIC: [8] Undefined variable: pro D:\AppServ\www\hndw\home\Runtime\Cache\d046431aa157c89f3a1c30c426be003b.php 第 124 行.
NOTIC: [8] Undefined variable: pro D:\AppServ\www\hndw\home\Runtime\Cache\d046431aa157c89f3a1c30c426be003b.php 第 125 行.
NOTIC: [8] Undefined variable: pro D:\AppServ\www\hndw\home\Runtime\Cache\d046431aa157c89f3a1c30c426be003b.php 第 126 行.
NOTIC: [8] Undefined variable: pro D:\AppServ\www\hndw\home\Runtime\Cache\d046431aa157c89f3a1c30c426be003b.php 第 127 行.
NOTIC: [8] Undefined variable: pro D:\AppServ\www\hndw\home\Runtime\Cache\d046431aa157c89f3a1c30c426be003b.php 第 128 行.
NOTIC: [8] Undefined variable: pro D:\AppServ\www\hndw\home\Runtime\Cache\d046431aa157c89f3a1c30c426be003b.php 第 129 行.
INFO: ParseTemplate Behavior ::run [ RunTime:0.028396s ]
INFO: [ view_parse ] --END-- [ RunTime:0.028499s ]
INFO: [ view_filter ] --START--
INFO: ContentReplace Behavior ::run [ RunTime:0.000978s ]
INFO: TokenBuild Behavior ::run [ RunTime:0.000699s ]
INFO: WriteHtmlCache Behavior ::run [ RunTime:0.001376s ]
INFO: ShowRuntime Behavior ::run [ RunTime:0.000925s ]
INFO: [ view_filter ] --END-- [ RunTime:0.004255s ]
INFO: [ view_end ] --START--
INFO: ShowPageTrace Behavior ::run [ RunTime:0.001249s ]
INFO: [ view_end ] --END-- [ RunTime:0.001358s ]

[ 2015-03-10 15:48:52 ] 127.0.0.1 /hndw/
INFO: [ app_begin ] --START--
INFO: ReadHtmlCache Behavior ::run [ RunTime:0.000453s ]
INFO: [ app_begin ] --END-- [ RunTime:0.000546s ]
INFO: [ view_parse ] --START--
NOTIC: [8] Undefined variable: pro D:\AppServ\www\hndw\home\Runtime\Cache\d046431aa157c89f3a1c30c426be003b.php 第 121 行.
NOTIC: [8] Undefined variable: pro D:\AppServ\www\hndw\home\Runtime\Cache\d046431aa157c89f3a1c30c426be003b.php 第 122 行.
NOTIC: [8] Undefined variable: pro D:\AppServ\www\hndw\home\Runtime\Cache\d046431aa157c89f3a1c30c426be003b.php 第 123 行.
NOTIC: [8] Undefined variable: pro D:\AppServ\www\hndw\home\Runtime\Cache\d046431aa157c89f3a1c30c426be003b.php 第 124 行.
NOTIC: [8] Undefined variable: pro D:\AppServ\www\hndw\home\Runtime\Cache\d046431aa157c89f3a1c30c426be003b.php 第 125 行.
NOTIC: [8] Undefined variable: pro D:\AppServ\www\hndw\home\Runtime\Cache\d046431aa157c89f3a1c30c426be003b.php 第 126 行.
NOTIC: [8] Undefined variable: pro D:\AppServ\www\hndw\home\Runtime\Cache\d046431aa157c89f3a1c30c426be003b.php 第 127 行.
NOTIC: [8] Undefined variable: pro D:\AppServ\www\hndw\home\Runtime\Cache\d046431aa157c89f3a1c30c426be003b.php 第 128 行.
NOTIC: [8] Undefined variable: pro D:\AppServ\www\hndw\home\Runtime\Cache\d046431aa157c89f3a1c30c426be003b.php 第 129 行.
INFO: ParseTemplate Behavior ::run [ RunTime:0.018444s ]
INFO: [ view_parse ] --END-- [ RunTime:0.018525s ]
INFO: [ view_filter ] --START--
INFO: ContentReplace Behavior ::run [ RunTime:0.000344s ]
INFO: TokenBuild Behavior ::run [ RunTime:0.000306s ]
INFO: WriteHtmlCache Behavior ::run [ RunTime:0.000192s ]
INFO: ShowRuntime Behavior ::run [ RunTime:0.000361s ]
INFO: [ view_filter ] --END-- [ RunTime:0.001366s ]
INFO: [ view_end ] --START--
INFO: ShowPageTrace Behavior ::run [ RunTime:0.000540s ]
INFO: [ view_end ] --END-- [ RunTime:0.000621s ]

[ 2015-03-10 15:48:53 ] 127.0.0.1 /hndw/
INFO: [ app_begin ] --START--
INFO: ReadHtmlCache Behavior ::run [ RunTime:0.000768s ]
INFO: [ app_begin ] --END-- [ RunTime:0.000851s ]
INFO: [ view_parse ] --START--
NOTIC: [8] Undefined variable: pro D:\AppServ\www\hndw\home\Runtime\Cache\d046431aa157c89f3a1c30c426be003b.php 第 121 行.
NOTIC: [8] Undefined variable: pro D:\AppServ\www\hndw\home\Runtime\Cache\d046431aa157c89f3a1c30c426be003b.php 第 122 行.
NOTIC: [8] Undefined variable: pro D:\AppServ\www\hndw\home\Runtime\Cache\d046431aa157c89f3a1c30c426be003b.php 第 123 行.
NOTIC: [8] Undefined variable: pro D:\AppServ\www\hndw\home\Runtime\Cache\d046431aa157c89f3a1c30c426be003b.php 第 124 行.
NOTIC: [8] Undefined variable: pro D:\AppServ\www\hndw\home\Runtime\Cache\d046431aa157c89f3a1c30c426be003b.php 第 125 行.
NOTIC: [8] Undefined variable: pro D:\AppServ\www\hndw\home\Runtime\Cache\d046431aa157c89f3a1c30c426be003b.php 第 126 行.
NOTIC: [8] Undefined variable: pro D:\AppServ\www\hndw\home\Runtime\Cache\d046431aa157c89f3a1c30c426be003b.php 第 127 行.
NOTIC: [8] Undefined variable: pro D:\AppServ\www\hndw\home\Runtime\Cache\d046431aa157c89f3a1c30c426be003b.php 第 128 行.
NOTIC: [8] Undefined variable: pro D:\AppServ\www\hndw\home\Runtime\Cache\d046431aa157c89f3a1c30c426be003b.php 第 129 行.
INFO: ParseTemplate Behavior ::run [ RunTime:0.018957s ]
INFO: [ view_parse ] --END-- [ RunTime:0.019040s ]
INFO: [ view_filter ] --START--
INFO: ContentReplace Behavior ::run [ RunTime:0.000655s ]
INFO: TokenBuild Behavior ::run [ RunTime:0.000588s ]
INFO: WriteHtmlCache Behavior ::run [ RunTime:0.000457s ]
INFO: ShowRuntime Behavior ::run [ RunTime:0.000921s ]
INFO: [ view_filter ] --END-- [ RunTime:0.002789s ]
INFO: [ view_end ] --START--
INFO: ShowPageTrace Behavior ::run [ RunTime:0.000850s ]
INFO: [ view_end ] --END-- [ RunTime:0.000923s ]

[ 2015-03-10 15:48:53 ] 127.0.0.1 /hndw/
INFO: [ app_begin ] --START--
INFO: ReadHtmlCache Behavior ::run [ RunTime:0.000675s ]
INFO: [ app_begin ] --END-- [ RunTime:0.000794s ]
INFO: [ view_parse ] --START--
NOTIC: [8] Undefined variable: pro D:\AppServ\www\hndw\home\Runtime\Cache\d046431aa157c89f3a1c30c426be003b.php 第 121 行.
NOTIC: [8] Undefined variable: pro D:\AppServ\www\hndw\home\Runtime\Cache\d046431aa157c89f3a1c30c426be003b.php 第 122 行.
NOTIC: [8] Undefined variable: pro D:\AppServ\www\hndw\home\Runtime\Cache\d046431aa157c89f3a1c30c426be003b.php 第 123 行.
NOTIC: [8] Undefined variable: pro D:\AppServ\www\hndw\home\Runtime\Cache\d046431aa157c89f3a1c30c426be003b.php 第 124 行.
NOTIC: [8] Undefined variable: pro D:\AppServ\www\hndw\home\Runtime\Cache\d046431aa157c89f3a1c30c426be003b.php 第 125 行.
NOTIC: [8] Undefined variable: pro D:\AppServ\www\hndw\home\Runtime\Cache\d046431aa157c89f3a1c30c426be003b.php 第 126 行.
NOTIC: [8] Undefined variable: pro D:\AppServ\www\hndw\home\Runtime\Cache\d046431aa157c89f3a1c30c426be003b.php 第 127 行.
NOTIC: [8] Undefined variable: pro D:\AppServ\www\hndw\home\Runtime\Cache\d046431aa157c89f3a1c30c426be003b.php 第 128 行.
NOTIC: [8] Undefined variable: pro D:\AppServ\www\hndw\home\Runtime\Cache\d046431aa157c89f3a1c30c426be003b.php 第 129 行.
INFO: ParseTemplate Behavior ::run [ RunTime:0.018867s ]
INFO: [ view_parse ] --END-- [ RunTime:0.018982s ]
INFO: [ view_filter ] --START--
INFO: ContentReplace Behavior ::run [ RunTime:0.000360s ]
INFO: TokenBuild Behavior ::run [ RunTime:0.000302s ]
INFO: WriteHtmlCache Behavior ::run [ RunTime:0.000187s ]
INFO: ShowRuntime Behavior ::run [ RunTime:0.000357s ]
INFO: [ view_filter ] --END-- [ RunTime:0.001379s ]
INFO: [ view_end ] --START--
INFO: ShowPageTrace Behavior ::run [ RunTime:0.000662s ]
INFO: [ view_end ] --END-- [ RunTime:0.000749s ]

[ 2015-03-10 15:48:54 ] 127.0.0.1 /hndw/
INFO: [ app_begin ] --START--
INFO: ReadHtmlCache Behavior ::run [ RunTime:0.000748s ]
INFO: [ app_begin ] --END-- [ RunTime:0.000863s ]
INFO: [ view_parse ] --START--
NOTIC: [8] Undefined variable: pro D:\AppServ\www\hndw\home\Runtime\Cache\d046431aa157c89f3a1c30c426be003b.php 第 121 行.
NOTIC: [8] Undefined variable: pro D:\AppServ\www\hndw\home\Runtime\Cache\d046431aa157c89f3a1c30c426be003b.php 第 122 行.
NOTIC: [8] Undefined variable: pro D:\AppServ\www\hndw\home\Runtime\Cache\d046431aa157c89f3a1c30c426be003b.php 第 123 行.
NOTIC: [8] Undefined variable: pro D:\AppServ\www\hndw\home\Runtime\Cache\d046431aa157c89f3a1c30c426be003b.php 第 124 行.
NOTIC: [8] Undefined variable: pro D:\AppServ\www\hndw\home\Runtime\Cache\d046431aa157c89f3a1c30c426be003b.php 第 125 行.
NOTIC: [8] Undefined variable: pro D:\AppServ\www\hndw\home\Runtime\Cache\d046431aa157c89f3a1c30c426be003b.php 第 126 行.
NOTIC: [8] Undefined variable: pro D:\AppServ\www\hndw\home\Runtime\Cache\d046431aa157c89f3a1c30c426be003b.php 第 127 行.
NOTIC: [8] Undefined variable: pro D:\AppServ\www\hndw\home\Runtime\Cache\d046431aa157c89f3a1c30c426be003b.php 第 128 行.
NOTIC: [8] Undefined variable: pro D:\AppServ\www\hndw\home\Runtime\Cache\d046431aa157c89f3a1c30c426be003b.php 第 129 行.
INFO: ParseTemplate Behavior ::run [ RunTime:0.024783s ]
INFO: [ view_parse ] --END-- [ RunTime:0.024870s ]
INFO: [ view_filter ] --START--
INFO: ContentReplace Behavior ::run [ RunTime:0.000678s ]
INFO: TokenBuild Behavior ::run [ RunTime:0.000609s ]
INFO: WriteHtmlCache Behavior ::run [ RunTime:0.000501s ]
INFO: ShowRuntime Behavior ::run [ RunTime:0.000672s ]
INFO: [ view_filter ] --END-- [ RunTime:0.002628s ]
INFO: [ view_end ] --START--
INFO: ShowPageTrace Behavior ::run [ RunTime:0.001318s ]
INFO: [ view_end ] --END-- [ RunTime:0.001417s ]

[ 2015-03-10 15:48:54 ] 127.0.0.1 /hndw/
INFO: [ app_begin ] --START--
INFO: ReadHtmlCache Behavior ::run [ RunTime:0.000486s ]
INFO: [ app_begin ] --END-- [ RunTime:0.000567s ]
INFO: [ view_parse ] --START--
NOTIC: [8] Undefined variable: pro D:\AppServ\www\hndw\home\Runtime\Cache\d046431aa157c89f3a1c30c426be003b.php 第 121 行.
NOTIC: [8] Undefined variable: pro D:\AppServ\www\hndw\home\Runtime\Cache\d046431aa157c89f3a1c30c426be003b.php 第 122 行.
NOTIC: [8] Undefined variable: pro D:\AppServ\www\hndw\home\Runtime\Cache\d046431aa157c89f3a1c30c426be003b.php 第 123 行.
NOTIC: [8] Undefined variable: pro D:\AppServ\www\hndw\home\Runtime\Cache\d046431aa157c89f3a1c30c426be003b.php 第 124 行.
NOTIC: [8] Undefined variable: pro D:\AppServ\www\hndw\home\Runtime\Cache\d046431aa157c89f3a1c30c426be003b.php 第 125 行.
NOTIC: [8] Undefined variable: pro D:\AppServ\www\hndw\home\Runtime\Cache\d046431aa157c89f3a1c30c426be003b.php 第 126 行.
NOTIC: [8] Undefined variable: pro D:\AppServ\www\hndw\home\Runtime\Cache\d046431aa157c89f3a1c30c426be003b.php 第 127 行.
NOTIC: [8] Undefined variable: pro D:\AppServ\www\hndw\home\Runtime\Cache\d046431aa157c89f3a1c30c426be003b.php 第 128 行.
NOTIC: [8] Undefined variable: pro D:\AppServ\www\hndw\home\Runtime\Cache\d046431aa157c89f3a1c30c426be003b.php 第 129 行.
INFO: ParseTemplate Behavior ::run [ RunTime:0.017187s ]
INFO: [ view_parse ] --END-- [ RunTime:0.017296s ]
INFO: [ view_filter ] --START--
INFO: ContentReplace Behavior ::run [ RunTime:0.000386s ]
INFO: TokenBuild Behavior ::run [ RunTime:0.000301s ]
INFO: WriteHtmlCache Behavior ::run [ RunTime:0.000189s ]
INFO: ShowRuntime Behavior ::run [ RunTime:0.000358s ]
INFO: [ view_filter ] --END-- [ RunTime:0.001400s ]
INFO: [ view_end ] --START--
INFO: ShowPageTrace Behavior ::run [ RunTime:0.000524s ]
INFO: [ view_end ] --END-- [ RunTime:0.000602s ]

[ 2015-03-10 15:48:54 ] 127.0.0.1 /hndw/
INFO: [ app_begin ] --START--
INFO: ReadHtmlCache Behavior ::run [ RunTime:0.001003s ]
INFO: [ app_begin ] --END-- [ RunTime:0.001161s ]
INFO: [ view_parse ] --START--
NOTIC: [8] Undefined variable: pro D:\AppServ\www\hndw\home\Runtime\Cache\d046431aa157c89f3a1c30c426be003b.php 第 121 行.
NOTIC: [8] Undefined variable: pro D:\AppServ\www\hndw\home\Runtime\Cache\d046431aa157c89f3a1c30c426be003b.php 第 122 行.
NOTIC: [8] Undefined variable: pro D:\AppServ\www\hndw\home\Runtime\Cache\d046431aa157c89f3a1c30c426be003b.php 第 123 行.
NOTIC: [8] Undefined variable: pro D:\AppServ\www\hndw\home\Runtime\Cache\d046431aa157c89f3a1c30c426be003b.php 第 124 行.
NOTIC: [8] Undefined variable: pro D:\AppServ\www\hndw\home\Runtime\Cache\d046431aa157c89f3a1c30c426be003b.php 第 125 行.
NOTIC: [8] Undefined variable: pro D:\AppServ\www\hndw\home\Runtime\Cache\d046431aa157c89f3a1c30c426be003b.php 第 126 行.
NOTIC: [8] Undefined variable: pro D:\AppServ\www\hndw\home\Runtime\Cache\d046431aa157c89f3a1c30c426be003b.php 第 127 行.
NOTIC: [8] Undefined variable: pro D:\AppServ\www\hndw\home\Runtime\Cache\d046431aa157c89f3a1c30c426be003b.php 第 128 行.
NOTIC: [8] Undefined variable: pro D:\AppServ\www\hndw\home\Runtime\Cache\d046431aa157c89f3a1c30c426be003b.php 第 129 行.
INFO: ParseTemplate Behavior ::run [ RunTime:0.025813s ]
INFO: [ view_parse ] --END-- [ RunTime:0.025894s ]
INFO: [ view_filter ] --START--
INFO: ContentReplace Behavior ::run [ RunTime:0.000720s ]
INFO: TokenBuild Behavior ::run [ RunTime:0.000673s ]
INFO: WriteHtmlCache Behavior ::run [ RunTime:0.000509s ]
INFO: ShowRuntime Behavior ::run [ RunTime:0.000700s ]
INFO: [ view_filter ] --END-- [ RunTime:0.002812s ]
INFO: [ view_end ] --START--
INFO: ShowPageTrace Behavior ::run [ RunTime:0.000897s ]
INFO: [ view_end ] --END-- [ RunTime:0.000972s ]

[ 2015-03-10 15:49:05 ] 127.0.0.1 /hndw/
INFO: [ app_begin ] --START--
INFO: ReadHtmlCache Behavior ::run [ RunTime:0.000458s ]
INFO: [ app_begin ] --END-- [ RunTime:0.000543s ]
INFO: [ view_parse ] --START--
NOTIC: [8] Undefined variable: pro D:\AppServ\www\hndw\home\Runtime\Cache\d046431aa157c89f3a1c30c426be003b.php 第 121 行.
NOTIC: [8] Undefined variable: pro D:\AppServ\www\hndw\home\Runtime\Cache\d046431aa157c89f3a1c30c426be003b.php 第 122 行.
NOTIC: [8] Undefined variable: pro D:\AppServ\www\hndw\home\Runtime\Cache\d046431aa157c89f3a1c30c426be003b.php 第 123 行.
NOTIC: [8] Undefined variable: pro D:\AppServ\www\hndw\home\Runtime\Cache\d046431aa157c89f3a1c30c426be003b.php 第 124 行.
NOTIC: [8] Undefined variable: pro D:\AppServ\www\hndw\home\Runtime\Cache\d046431aa157c89f3a1c30c426be003b.php 第 125 行.
NOTIC: [8] Undefined variable: pro D:\AppServ\www\hndw\home\Runtime\Cache\d046431aa157c89f3a1c30c426be003b.php 第 126 行.
NOTIC: [8] Undefined variable: pro D:\AppServ\www\hndw\home\Runtime\Cache\d046431aa157c89f3a1c30c426be003b.php 第 127 行.
NOTIC: [8] Undefined variable: pro D:\AppServ\www\hndw\home\Runtime\Cache\d046431aa157c89f3a1c30c426be003b.php 第 128 行.
NOTIC: [8] Undefined variable: pro D:\AppServ\www\hndw\home\Runtime\Cache\d046431aa157c89f3a1c30c426be003b.php 第 129 行.
INFO: ParseTemplate Behavior ::run [ RunTime:0.017527s ]
INFO: [ view_parse ] --END-- [ RunTime:0.017642s ]
INFO: [ view_filter ] --START--
INFO: ContentReplace Behavior ::run [ RunTime:0.000372s ]
INFO: TokenBuild Behavior ::run [ RunTime:0.000295s ]
INFO: WriteHtmlCache Behavior ::run [ RunTime:0.000186s ]
INFO: ShowRuntime Behavior ::run [ RunTime:0.000463s ]
INFO: [ view_filter ] --END-- [ RunTime:0.001498s ]
INFO: [ view_end ] --START--
INFO: ShowPageTrace Behavior ::run [ RunTime:0.000780s ]
INFO: [ view_end ] --END-- [ RunTime:0.000896s ]

