[ 2015-03-19 09:16:41 ] 127.0.0.1 /hndw/
INFO: [ app_begin ] --START--
INFO: ReadHtmlCache Behavior ::run [ RunTime:0.021556s ]
INFO: [ app_begin ] --END-- [ RunTime:0.021810s ]
INFO: [ view_parse ] --START--
NOTIC: [8] Undefined variable: pro D:\AppServ\www\hndw\home\Runtime\Cache\d046431aa157c89f3a1c30c426be003b.php 第 121 行.
NOTIC: [8] Undefined variable: pro D:\AppServ\www\hndw\home\Runtime\Cache\d046431aa157c89f3a1c30c426be003b.php 第 122 行.
NOTIC: [8] Undefined variable: pro D:\AppServ\www\hndw\home\Runtime\Cache\d046431aa157c89f3a1c30c426be003b.php 第 123 行.
NOTIC: [8] Undefined variable: pro D:\AppServ\www\hndw\home\Runtime\Cache\d046431aa157c89f3a1c30c426be003b.php 第 124 行.
NOTIC: [8] Undefined variable: pro D:\AppServ\www\hndw\home\Runtime\Cache\d046431aa157c89f3a1c30c426be003b.php 第 125 行.
NOTIC: [8] Undefined variable: pro D:\AppServ\www\hndw\home\Runtime\Cache\d046431aa157c89f3a1c30c426be003b.php 第 126 行.
NOTIC: [8] Undefined variable: pro D:\AppServ\www\hndw\home\Runtime\Cache\d046431aa157c89f3a1c30c426be003b.php 第 127 行.
NOTIC: [8] Undefined variable: pro D:\AppServ\www\hndw\home\Runtime\Cache\d046431aa157c89f3a1c30c426be003b.php 第 128 行.
NOTIC: [8] Undefined variable: pro D:\AppServ\www\hndw\home\Runtime\Cache\d046431aa157c89f3a1c30c426be003b.php 第 129 行.
INFO: ParseTemplate Behavior ::run [ RunTime:0.610135s ]
INFO: [ view_parse ] --END-- [ RunTime:0.610338s ]
INFO: [ view_filter ] --START--
INFO: ContentReplace Behavior ::run [ RunTime:0.015570s ]
INFO: TokenBuild Behavior ::run [ RunTime:0.033733s ]
INFO: WriteHtmlCache Behavior ::run [ RunTime:0.002637s ]
INFO: ShowRuntime Behavior ::run [ RunTime:0.002846s ]
INFO: [ view_filter ] --END-- [ RunTime:0.055307s ]
INFO: [ view_end ] --START--
INFO: ShowPageTrace Behavior ::run [ RunTime:0.024401s ]
INFO: [ view_end ] --END-- [ RunTime:0.024575s ]

[ 2015-03-19 09:16:51 ] 127.0.0.1 /hndw/index.php/admin
INFO: [ route_check ] --START--
INFO: CheckRoute Behavior ::run [ RunTime:0.026787s ]
INFO: [ route_check ] --END-- [ RunTime:0.026908s ]
INFO: [ app_begin ] --START--
INFO: ReadHtmlCache Behavior ::run [ RunTime:0.000773s ]
INFO: [ app_begin ] --END-- [ RunTime:0.000846s ]
INFO: [ view_parse ] --START--
INFO: ParseTemplate Behavior ::run [ RunTime:0.118747s ]
INFO: [ view_parse ] --END-- [ RunTime:0.118909s ]
INFO: [ view_filter ] --START--
INFO: ContentReplace Behavior ::run [ RunTime:0.000698s ]
INFO: TokenBuild Behavior ::run [ RunTime:0.000627s ]
INFO: WriteHtmlCache Behavior ::run [ RunTime:0.000529s ]
INFO: ShowRuntime Behavior ::run [ RunTime:0.000691s ]
INFO: [ view_filter ] --END-- [ RunTime:0.002714s ]
INFO: [ view_end ] --START--
INFO: ShowPageTrace Behavior ::run [ RunTime:0.000816s ]
INFO: [ view_end ] --END-- [ RunTime:0.000877s ]

[ 2015-03-19 09:16:51 ] 127.0.0.1 /hndw/index.php/verify
INFO: [ route_check ] --START--
INFO: CheckRoute Behavior ::run [ RunTime:0.001118s ]
INFO: [ route_check ] --END-- [ RunTime:0.001205s ]
INFO: [ app_begin ] --START--
INFO: ReadHtmlCache Behavior ::run [ RunTime:0.000733s ]
INFO: [ app_begin ] --END-- [ RunTime:0.000793s ]
NOTIC: [8] Use of undefined constant png - assumed 'png' D:\AppServ\www\hndw\home\Lib\Action\AdminAction.class.php 第 29 行.

[ 2015-03-19 09:17:02 ] 127.0.0.1 /hndw/index.php/login
INFO: [ route_check ] --START--
INFO: CheckRoute Behavior ::run [ RunTime:0.001452s ]
INFO: [ route_check ] --END-- [ RunTime:0.001612s ]
INFO: [ app_begin ] --START--
INFO: ReadHtmlCache Behavior ::run [ RunTime:0.000911s ]
INFO: [ app_begin ] --END-- [ RunTime:0.001027s ]
SQL: SHOW COLUMNS FROM `tp_users` [ RunTime:0.055369s ]
SQL: SELECT * FROM `tp_users` WHERE ( username ='admin' ) LIMIT 1   [ RunTime:0.000667s ]
NOTIC: [8] Undefined variable: char D:\AppServ\www\hndw\home\Lib\Action\UtilAction.class.php 第 49 行.
NOTIC: [8] Undefined variable: str D:\AppServ\www\hndw\home\Lib\Action\UtilAction.class.php 第 54 行.

[ 2015-03-19 09:17:03 ] 127.0.0.1 /hndw/index.php/admin
INFO: [ route_check ] --START--
INFO: CheckRoute Behavior ::run [ RunTime:0.000779s ]
INFO: [ route_check ] --END-- [ RunTime:0.000879s ]
INFO: [ app_begin ] --START--
INFO: ReadHtmlCache Behavior ::run [ RunTime:0.000486s ]
INFO: [ app_begin ] --END-- [ RunTime:0.000555s ]
SQL: SHOW COLUMNS FROM `tp_users` [ RunTime:0.004627s ]
SQL: SELECT * FROM `tp_users` WHERE ( id=1 ) LIMIT 1   [ RunTime:0.000422s ]
INFO: [ view_parse ] --START--
INFO: ParseTemplate Behavior ::run [ RunTime:0.136194s ]
INFO: [ view_parse ] --END-- [ RunTime:0.136373s ]
INFO: [ view_filter ] --START--
INFO: ContentReplace Behavior ::run [ RunTime:0.000944s ]
INFO: TokenBuild Behavior ::run [ RunTime:0.001015s ]
INFO: WriteHtmlCache Behavior ::run [ RunTime:0.000729s ]
INFO: ShowRuntime Behavior ::run [ RunTime:0.000734s ]
INFO: [ view_filter ] --END-- [ RunTime:0.003786s ]
INFO: [ view_end ] --START--
INFO: ShowPageTrace Behavior ::run [ RunTime:0.002039s ]
INFO: [ view_end ] --END-- [ RunTime:0.002134s ]

[ 2015-03-19T09:46:54+08:00 ] 127.0.0.1 /hndw/index.php/admin-index.html
INFO: [ route_check ] --START--
INFO: CheckRoute Behavior ::run [ RunTime:0.002004s ]
INFO: [ route_check ] --END-- [ RunTime:0.002165s ]
INFO: [ app_begin ] --START--
INFO: ReadHtmlCache Behavior ::run [ RunTime:0.001489s ]
INFO: [ app_begin ] --END-- [ RunTime:0.001609s ]
NOTIC: [8] Undefined variable: group D:\AppServ\www\hndw\ThinkPHP\Lib\Core\App.class.php 第 95 行.
ERR: 无法加载模块:admin-index

[ 2015-03-19 09:46:59 ] 127.0.0.1 /hndw/
INFO: [ app_begin ] --START--
INFO: ReadHtmlCache Behavior ::run [ RunTime:0.000737s ]
INFO: [ app_begin ] --END-- [ RunTime:0.000852s ]
SQL: SHOW COLUMNS FROM `tp_users` [ RunTime:0.009899s ]
SQL: SELECT * FROM `tp_users` WHERE ( id=1 ) LIMIT 1   [ RunTime:0.000766s ]
INFO: [ view_parse ] --START--
NOTIC: [8] Undefined variable: pro D:\AppServ\www\hndw\home\Runtime\Cache\d046431aa157c89f3a1c30c426be003b.php 第 121 行.
NOTIC: [8] Undefined variable: pro D:\AppServ\www\hndw\home\Runtime\Cache\d046431aa157c89f3a1c30c426be003b.php 第 122 行.
NOTIC: [8] Undefined variable: pro D:\AppServ\www\hndw\home\Runtime\Cache\d046431aa157c89f3a1c30c426be003b.php 第 123 行.
NOTIC: [8] Undefined variable: pro D:\AppServ\www\hndw\home\Runtime\Cache\d046431aa157c89f3a1c30c426be003b.php 第 124 行.
NOTIC: [8] Undefined variable: pro D:\AppServ\www\hndw\home\Runtime\Cache\d046431aa157c89f3a1c30c426be003b.php 第 125 行.
NOTIC: [8] Undefined variable: pro D:\AppServ\www\hndw\home\Runtime\Cache\d046431aa157c89f3a1c30c426be003b.php 第 126 行.
NOTIC: [8] Undefined variable: pro D:\AppServ\www\hndw\home\Runtime\Cache\d046431aa157c89f3a1c30c426be003b.php 第 127 行.
NOTIC: [8] Undefined variable: pro D:\AppServ\www\hndw\home\Runtime\Cache\d046431aa157c89f3a1c30c426be003b.php 第 128 行.
NOTIC: [8] Undefined variable: pro D:\AppServ\www\hndw\home\Runtime\Cache\d046431aa157c89f3a1c30c426be003b.php 第 129 行.
INFO: ParseTemplate Behavior ::run [ RunTime:0.019045s ]
INFO: [ view_parse ] --END-- [ RunTime:0.019131s ]
INFO: [ view_filter ] --START--
INFO: ContentReplace Behavior ::run [ RunTime:0.000729s ]
INFO: TokenBuild Behavior ::run [ RunTime:0.000750s ]
INFO: WriteHtmlCache Behavior ::run [ RunTime:0.000578s ]
INFO: ShowRuntime Behavior ::run [ RunTime:0.000679s ]
INFO: [ view_filter ] --END-- [ RunTime:0.002941s ]
INFO: [ view_end ] --START--
INFO: ShowPageTrace Behavior ::run [ RunTime:0.000983s ]
INFO: [ view_end ] --END-- [ RunTime:0.001070s ]

[ 2015-03-19 10:33:30 ] 127.0.0.1 /hndw/index.php/admin/catetype?keyword=producttype
INFO: [ route_check ] --START--
INFO: CheckRoute Behavior ::run [ RunTime:0.001192s ]
INFO: [ route_check ] --END-- [ RunTime:0.001294s ]
INFO: [ app_begin ] --START--
INFO: ReadHtmlCache Behavior ::run [ RunTime:0.000898s ]
INFO: [ app_begin ] --END-- [ RunTime:0.000969s ]

[ 2015-03-19T10:33:30+08:00 ] 127.0.0.1 /hndw/index.php/catetype?keyword=producttype
INFO: [ route_check ] --START--
INFO: CheckRoute Behavior ::run [ RunTime:0.001140s ]
INFO: [ route_check ] --END-- [ RunTime:0.001232s ]
INFO: [ app_begin ] --START--
INFO: ReadHtmlCache Behavior ::run [ RunTime:0.000753s ]
INFO: [ app_begin ] --END-- [ RunTime:0.000815s ]

[ 2015-03-19T10:35:48+08:00 ] 127.0.0.1 /hndw/index.php/catetype/producttype
INFO: [ route_check ] --START--
INFO: CheckRoute Behavior ::run [ RunTime:0.001110s ]
INFO: [ route_check ] --END-- [ RunTime:0.001203s ]
INFO: [ app_begin ] --START--
INFO: ReadHtmlCache Behavior ::run [ RunTime:0.000734s ]
INFO: [ app_begin ] --END-- [ RunTime:0.000796s ]
ERR: 无法加载模块:Admin_Product

[ 2015-03-19 11:24:59 ] 127.0.0.1 /hndw/
INFO: [ app_begin ] --START--
INFO: ReadHtmlCache Behavior ::run [ RunTime:0.000967s ]
INFO: [ app_begin ] --END-- [ RunTime:0.001106s ]
INFO: [ view_parse ] --START--
NOTIC: [8] Undefined variable: pro E:\AppServ\www\hndw\home\Runtime\Cache\d046431aa157c89f3a1c30c426be003b.php 第 121 行.
NOTIC: [8] Undefined variable: pro E:\AppServ\www\hndw\home\Runtime\Cache\d046431aa157c89f3a1c30c426be003b.php 第 122 行.
NOTIC: [8] Undefined variable: pro E:\AppServ\www\hndw\home\Runtime\Cache\d046431aa157c89f3a1c30c426be003b.php 第 123 行.
NOTIC: [8] Undefined variable: pro E:\AppServ\www\hndw\home\Runtime\Cache\d046431aa157c89f3a1c30c426be003b.php 第 124 行.
NOTIC: [8] Undefined variable: pro E:\AppServ\www\hndw\home\Runtime\Cache\d046431aa157c89f3a1c30c426be003b.php 第 125 行.
NOTIC: [8] Undefined variable: pro E:\AppServ\www\hndw\home\Runtime\Cache\d046431aa157c89f3a1c30c426be003b.php 第 126 行.
NOTIC: [8] Undefined variable: pro E:\AppServ\www\hndw\home\Runtime\Cache\d046431aa157c89f3a1c30c426be003b.php 第 127 行.
NOTIC: [8] Undefined variable: pro E:\AppServ\www\hndw\home\Runtime\Cache\d046431aa157c89f3a1c30c426be003b.php 第 128 行.
NOTIC: [8] Undefined variable: pro E:\AppServ\www\hndw\home\Runtime\Cache\d046431aa157c89f3a1c30c426be003b.php 第 129 行.
INFO: ParseTemplate Behavior ::run [ RunTime:0.029381s ]
INFO: [ view_parse ] --END-- [ RunTime:0.029503s ]
INFO: [ view_filter ] --START--
INFO: ContentReplace Behavior ::run [ RunTime:0.000900s ]
INFO: TokenBuild Behavior ::run [ RunTime:0.000841s ]
INFO: WriteHtmlCache Behavior ::run [ RunTime:0.000834s ]
INFO: ShowRuntime Behavior ::run [ RunTime:0.001340s ]
INFO: [ view_filter ] --END-- [ RunTime:0.004246s ]
INFO: [ view_end ] --START--
INFO: ShowPageTrace Behavior ::run [ RunTime:0.001721s ]
INFO: [ view_end ] --END-- [ RunTime:0.001871s ]

[ 2015-03-19T11:25:10+08:00 ] 127.0.0.1 /hndw/index.php/category
INFO: [ route_check ] --START--
INFO: CheckRoute Behavior ::run [ RunTime:0.001729s ]
INFO: [ route_check ] --END-- [ RunTime:0.001860s ]
INFO: [ app_begin ] --START--
INFO: ReadHtmlCache Behavior ::run [ RunTime:0.001234s ]
INFO: [ app_begin ] --END-- [ RunTime:0.001343s ]
ERR: 无法加载模块:category

[ 2015-03-19T11:33:34+08:00 ] 127.0.0.1 /hndw/index.php/catetype
INFO: [ route_check ] --START--
INFO: CheckRoute Behavior ::run [ RunTime:0.001550s ]
INFO: [ route_check ] --END-- [ RunTime:0.001674s ]
INFO: [ app_begin ] --START--
INFO: ReadHtmlCache Behavior ::run [ RunTime:0.001096s ]
INFO: [ app_begin ] --END-- [ RunTime:0.001188s ]
ERR: 无法加载模块:catetype

[ 2015-03-19 11:33:45 ] 127.0.0.1 /hndw/index.php/catetype/producttype
INFO: [ route_check ] --START--
INFO: CheckRoute Behavior ::run [ RunTime:0.001478s ]
INFO: [ route_check ] --END-- [ RunTime:0.001613s ]
INFO: [ app_begin ] --START--
INFO: ReadHtmlCache Behavior ::run [ RunTime:0.000992s ]
INFO: [ app_begin ] --END-- [ RunTime:0.001074s ]
SQL: SHOW COLUMNS FROM `tp_category` [ RunTime:0.035549s ]

[ 2015-03-19 11:36:11 ] 127.0.0.1 /hndw/index.php/catetype/producttype
INFO: [ route_check ] --START--
INFO: CheckRoute Behavior ::run [ RunTime:0.001374s ]
INFO: [ route_check ] --END-- [ RunTime:0.001488s ]
INFO: [ app_begin ] --START--
INFO: ReadHtmlCache Behavior ::run [ RunTime:0.001021s ]
INFO: [ app_begin ] --END-- [ RunTime:0.001112s ]
SQL: SHOW COLUMNS FROM `tp_category` [ RunTime:0.009193s ]

[ 2015-03-19 11:37:35 ] 127.0.0.1 /hndw/index.php/catetype/producttype
INFO: [ route_check ] --START--
INFO: CheckRoute Behavior ::run [ RunTime:0.001480s ]
INFO: [ route_check ] --END-- [ RunTime:0.001597s ]
INFO: [ app_begin ] --START--
INFO: ReadHtmlCache Behavior ::run [ RunTime:0.000814s ]
INFO: [ app_begin ] --END-- [ RunTime:0.000884s ]
SQL: SHOW COLUMNS FROM `tp_category` [ RunTime:0.003703s ]

[ 2015-03-19 11:38:01 ] 127.0.0.1 /hndw/index.php/catetype/producttype
INFO: [ route_check ] --START--
INFO: CheckRoute Behavior ::run [ RunTime:0.000886s ]
INFO: [ route_check ] --END-- [ RunTime:0.000981s ]
INFO: [ app_begin ] --START--
INFO: ReadHtmlCache Behavior ::run [ RunTime:0.000421s ]
INFO: [ app_begin ] --END-- [ RunTime:0.000479s ]
SQL: SHOW COLUMNS FROM `tp_category` [ RunTime:0.005470s ]
SQL: SELECT COUNT(*) AS tp_count FROM `tp_category` WHERE ( keyword=producttype ) LIMIT 1   [ RunTime:0.000275s ]
ERR: 1054:Unknown column 'producttype' in 'where clause'
 [ SQL语句 ] : SELECT COUNT(*) AS tp_count FROM `tp_category` WHERE ( keyword=producttype ) LIMIT 1  
NOTIC: [8] Undefined variable: totalCount E:\AppServ\www\hndw\home\Lib\Action\PageAction.class.php 第 19 行.

[ 2015-03-19 11:38:12 ] 127.0.0.1 /hndw/index.php/catetype/news
INFO: [ route_check ] --START--
INFO: CheckRoute Behavior ::run [ RunTime:0.001679s ]
INFO: [ route_check ] --END-- [ RunTime:0.001796s ]
INFO: [ app_begin ] --START--
INFO: ReadHtmlCache Behavior ::run [ RunTime:0.001128s ]
INFO: [ app_begin ] --END-- [ RunTime:0.001220s ]
SQL: SHOW COLUMNS FROM `tp_category` [ RunTime:0.005101s ]
SQL: SELECT COUNT(*) AS tp_count FROM `tp_category` WHERE ( keyword=news ) LIMIT 1   [ RunTime:0.000252s ]
ERR: 1054:Unknown column 'news' in 'where clause'
 [ SQL语句 ] : SELECT COUNT(*) AS tp_count FROM `tp_category` WHERE ( keyword=news ) LIMIT 1  
NOTIC: [8] Undefined variable: totalCount E:\AppServ\www\hndw\home\Lib\Action\PageAction.class.php 第 19 行.

[ 2015-03-19 11:39:36 ] 127.0.0.1 /hndw/index.php/catetype/news
INFO: [ route_check ] --START--
INFO: CheckRoute Behavior ::run [ RunTime:0.001323s ]
INFO: [ route_check ] --END-- [ RunTime:0.001431s ]
INFO: [ app_begin ] --START--
INFO: ReadHtmlCache Behavior ::run [ RunTime:0.000900s ]
INFO: [ app_begin ] --END-- [ RunTime:0.000977s ]
SQL: SHOW COLUMNS FROM `tp_category` [ RunTime:0.008533s ]
SQL: SELECT COUNT(*) AS tp_count FROM `tp_category` WHERE ( keyword=news ) LIMIT 1   [ RunTime:0.000654s ]
ERR: 1054:Unknown column 'news' in 'where clause'
 [ SQL语句 ] : SELECT COUNT(*) AS tp_count FROM `tp_category` WHERE ( keyword=news ) LIMIT 1  
NOTIC: [8] Undefined variable: totalCount E:\AppServ\www\hndw\home\Lib\Action\PageAction.class.php 第 19 行.

[ 2015-03-19 11:39:54 ] 127.0.0.1 /hndw/index.php/catetype/producttype
INFO: [ route_check ] --START--
INFO: CheckRoute Behavior ::run [ RunTime:0.001428s ]
INFO: [ route_check ] --END-- [ RunTime:0.001545s ]
INFO: [ app_begin ] --START--
INFO: ReadHtmlCache Behavior ::run [ RunTime:0.000951s ]
INFO: [ app_begin ] --END-- [ RunTime:0.001031s ]
SQL: SHOW COLUMNS FROM `tp_category` [ RunTime:0.004443s ]
SQL: SELECT COUNT(*) AS tp_count FROM `tp_category` WHERE ( keyword=producttype ) LIMIT 1   [ RunTime:0.000265s ]
ERR: 1054:Unknown column 'producttype' in 'where clause'
 [ SQL语句 ] : SELECT COUNT(*) AS tp_count FROM `tp_category` WHERE ( keyword=producttype ) LIMIT 1  
NOTIC: [8] Undefined variable: totalCount E:\AppServ\www\hndw\home\Lib\Action\PageAction.class.php 第 19 行.

